<?xml version="1.0" encoding="UTF-8"?>
<!-- Generated by org.testng.reporters.JUnitReportReporter -->
<testsuite name="com.qagroup.api.RestApiTest" tests="1" time="1.495" ignored="3" failures="0" timestamp="15 Jan 2017 10:17:03 GMT" skipped="0" hostname="DESKTOP-JAISOPJ" errors="0">
  <testcase name="testDeleteMethod" time="1.495" classname="com.qagroup.api.RestApiTest"/>
  <testcase name="testPutMethod" classname="com.qagroup.api.RestApiTest">
    <skipped/>
  </testcase> <!-- testPutMethod -->
  <testcase name="testPostMethod" classname="com.qagroup.api.RestApiTest">
    <skipped/>
  </testcase> <!-- testPostMethod -->
  <testcase name="testGetMethod" classname="com.qagroup.api.RestApiTest">
    <skipped/>
  </testcase> <!-- testGetMethod -->
</testsuite> <!-- com.qagroup.api.RestApiTest -->
